<?xml version="1.0" encoding="UTF-8"?>
<testng-results ignored="2" total="4" passed="2" failed="0" skipped="0">
  <reporter-output>
  </reporter-output>
  <suite started-at="2023-09-21T20:31:12Z" name="CreateWOSuite" finished-at="2023-09-21T20:31:36Z" duration-ms="24520">
    <groups>
    </groups>
    <test started-at="2023-09-21T20:31:12Z" name="CreateWOTest_Chrome" finished-at="2023-09-21T20:31:33Z" duration-ms="21796">
      <class name="com.ebs.test.drivertest.Seleniumt11TestNgTest">
        <test-method is-config="true" signature="beforesetup(org.testng.ITestContext)[pri:0, instance:com.ebs.test.drivertest.Seleniumt11TestNgTest@53976f5c]" started-at="2023-09-21T20:31:11Z" name="beforesetup" finished-at="2023-09-21T20:31:12Z" duration-ms="258" status="PASS">
          <params>
            <param index="0">
              <value>
                <![CDATA[org.testng.TestRunner@7c22d4f]]>
              </value>
            </param>
          </params>
          <reporter-output>
          </reporter-output>
        </test-method> <!-- beforesetup -->
        <test-method is-config="true" signature="setup(java.lang.String, java.lang.String, org.testng.ITestContext)[pri:0, instance:com.ebs.test.drivertest.Seleniumt11TestNgTest@53976f5c]" started-at="2023-09-21T20:31:12Z" name="setup" finished-at="2023-09-21T20:31:23Z" duration-ms="11229" status="PASS">
          <params>
            <param index="0">
              <value>
                <![CDATA[https://mz5st213.appsdev1.fusionappsdphx1.oraclevcn.com:4443/OA_HTML/AppsLogin]]>
              </value>
            </param>
            <param index="1">
              <value>
                <![CDATA[chrome]]>
              </value>
            </param>
            <param index="2">
              <value>
                <![CDATA[org.testng.TestRunner@7c22d4f]]>
              </value>
            </param>
          </params>
          <reporter-output>
          </reporter-output>
        </test-method> <!-- setup -->
        <test-method signature="login()[pri:0, instance:com.ebs.test.drivertest.Seleniumt11TestNgTest@53976f5c]" started-at="2023-09-21T20:31:23Z" name="login" finished-at="2023-09-21T20:31:33Z" duration-ms="10403" status="PASS">
          <reporter-output>
          </reporter-output>
        </test-method> <!-- login -->
        <test-method is-config="true" signature="tearTest()[pri:0, instance:com.ebs.test.drivertest.Seleniumt11TestNgTest@53976f5c]" started-at="2023-09-21T20:31:33Z" name="tearTest" finished-at="2023-09-21T20:31:33Z" duration-ms="144" status="PASS">
          <reporter-output>
          </reporter-output>
        </test-method> <!-- tearTest -->
        <test-method is-config="true" signature="tearDown()[pri:0, instance:com.ebs.test.drivertest.Seleniumt11TestNgTest@53976f5c]" started-at="2023-09-21T20:31:36Z" name="tearDown" finished-at="2023-09-21T20:31:36Z" duration-ms="275" status="PASS">
          <reporter-output>
          </reporter-output>
        </test-method> <!-- tearDown -->
      </class> <!-- com.ebs.test.drivertest.Seleniumt11TestNgTest -->
    </test> <!-- CreateWOTest_Chrome -->
    <test started-at="2023-09-21T20:31:12Z" name="CreateWOTest_Firefox" finished-at="2023-09-21T20:31:36Z" duration-ms="24520">
      <class name="com.ebs.test.drivertest.Seleniumt11TestNgTest">
        <test-method is-config="true" signature="setup(java.lang.String, java.lang.String, org.testng.ITestContext)[pri:0, instance:com.ebs.test.drivertest.Seleniumt11TestNgTest@3972a855]" started-at="2023-09-21T20:31:12Z" name="setup" finished-at="2023-09-21T20:31:24Z" duration-ms="12458" status="PASS">
          <params>
            <param index="0">
              <value>
                <![CDATA[https://mz5st213.appsdev1.fusionappsdphx1.oraclevcn.com:4443/OA_HTML/AppsLogin]]>
              </value>
            </param>
            <param index="1">
              <value>
                <![CDATA[firefox]]>
              </value>
            </param>
            <param index="2">
              <value>
                <![CDATA[org.testng.TestRunner@5f59185e]]>
              </value>
            </param>
          </params>
          <reporter-output>
          </reporter-output>
        </test-method> <!-- setup -->
        <test-method signature="login()[pri:0, instance:com.ebs.test.drivertest.Seleniumt11TestNgTest@3972a855]" started-at="2023-09-21T20:31:24Z" name="login" finished-at="2023-09-21T20:31:34Z" duration-ms="10290" status="PASS">
          <reporter-output>
          </reporter-output>
        </test-method> <!-- login -->
        <test-method is-config="true" signature="tearTest()[pri:0, instance:com.ebs.test.drivertest.Seleniumt11TestNgTest@3972a855]" started-at="2023-09-21T20:31:34Z" name="tearTest" finished-at="2023-09-21T20:31:36Z" duration-ms="1769" status="PASS">
          <reporter-output>
          </reporter-output>
        </test-method> <!-- tearTest -->
      </class> <!-- com.ebs.test.drivertest.Seleniumt11TestNgTest -->
    </test> <!-- CreateWOTest_Firefox -->
  </suite> <!-- CreateWOSuite -->
</testng-results>
