<?xml version="1.0" encoding="UTF-8"?>
<!-- Generated by org.testng.reporters.JUnitXMLReporter -->
<testsuite ignored="1" hostname="VANKAMRE-3L179K3" failures="0" tests="1" name="CreateWOTest_Firefox" time="24.52" errors="0" timestamp="21 Sep 2023 20:31:36 GMT">
  <testcase classname="com.ebs.test.drivertest.Seleniumt11TestNgTest" name="login" time="10.29"/>
  <testcase classname="com.ebs.test.drivertest.Seleniumt11TestNgTest" name="logout" time="0.0">
    <ignored/>
  </testcase> <!-- logout -->
</testsuite> <!-- CreateWOTest_Firefox -->
