<?xml version="1.0" encoding="UTF-8"?>
<!-- Generated by org.testng.reporters.JUnitXMLReporter -->
<testsuite hostname="VANKAMRE-3L179K3" ignored="1" name="CreateWOTest_Chrome" tests="1" failures="0" timestamp="24 Aug 2023 06:34:02 GMT" time="24.654" errors="0">
  <testcase name="login" time="7.861" classname="com.ebs.test.drivertest.Seleniumt11TestNgTest"/>
  <testcase name="logout" time="0.0" classname="com.ebs.test.drivertest.Seleniumt11TestNgTest">
    <ignored/>
  </testcase> <!-- logout -->
</testsuite> <!-- CreateWOTest_Chrome -->
